<?xml version="1.0" encoding="UTF-8"?>
<!-- Generated by org.testng.reporters.JUnitReportReporter -->
<testsuite hostname="LAPTOP-GGLBD97Q" failures="0" tests="55" name="com.samplepackage.TestNGProgram" time="0.087" errors="1" timestamp="2021-11-26T21:04:24 IST" skipped="1">
  <testcase classname="com.samplepackage.TestNGProgram" name="TestCase2" time="0.002">
    <skipped/>
  </testcase> <!-- TestCase2 -->
  <system-out/>
  <testcase classname="com.samplepackage.TestNGProgram" name="TestCase1" time="0.012">
    <error message="Cannot invoke &quot;com.aventstack.extentreports.ExtentReports.createTest(String)&quot; because &quot;com.framework.reports.ExtentReport.extent&quot; is null" type="java.lang.NullPointerException">
      <![CDATA[java.lang.NullPointerException: Cannot invoke "com.aventstack.extentreports.ExtentReports.createTest(String)" because "com.framework.reports.ExtentReport.extent" is null
at com.framework.reports.ExtentReport.startReporting(ExtentReport.java:24)
at com.samplepackage.TestNGProgram.TestCase1(TestNGProgram.java:34)
at java.base/jdk.internal.reflect.NativeMethodAccessorImpl.invoke0(Native Method)
at java.base/jdk.internal.reflect.NativeMethodAccessorImpl.invoke(NativeMethodAccessorImpl.java:78)
at java.base/jdk.internal.reflect.DelegatingMethodAccessorImpl.invoke(DelegatingMethodAccessorImpl.java:43)
at java.base/java.lang.reflect.Method.invoke(Method.java:567)
at org.testng.internal.MethodInvocationHelper.invokeMethod(MethodInvocationHelper.java:133)
at org.testng.internal.TestInvoker.invokeMethod(TestInvoker.java:598)
at org.testng.internal.TestInvoker.invokeTestMethod(TestInvoker.java:173)
at org.testng.internal.MethodRunner.runInSequence(MethodRunner.java:46)
at org.testng.internal.TestInvoker$MethodInvocationAgent.invoke(TestInvoker.java:824)
at org.testng.internal.TestInvoker.invokeTestMethods(TestInvoker.java:146)
at org.testng.internal.TestMethodWorker.invokeTestMethods(TestMethodWorker.java:146)
at org.testng.internal.TestMethodWorker.run(TestMethodWorker.java:128)
at java.base/java.util.ArrayList.forEach(ArrayList.java:1511)
at org.testng.TestRunner.privateRun(TestRunner.java:794)
at org.testng.TestRunner.run(TestRunner.java:596)
at org.testng.SuiteRunner.runTest(SuiteRunner.java:377)
at org.testng.SuiteRunner.runSequentially(SuiteRunner.java:371)
at org.testng.SuiteRunner.privateRun(SuiteRunner.java:332)
at org.testng.SuiteRunner.run(SuiteRunner.java:276)
at org.testng.SuiteRunnerWorker.runSuite(SuiteRunnerWorker.java:53)
at org.testng.SuiteRunnerWorker.run(SuiteRunnerWorker.java:96)
at org.testng.TestNG.runSuitesSequentially(TestNG.java:1212)
at org.testng.TestNG.runSuitesLocally(TestNG.java:1134)
at org.testng.TestNG.runSuites(TestNG.java:1063)
at org.testng.TestNG.run(TestNG.java:1031)
at org.testng.remote.AbstractRemoteTestNG.run(AbstractRemoteTestNG.java:115)
at org.testng.remote.RemoteTestNG.initAndRun(RemoteTestNG.java:251)
at org.testng.remote.RemoteTestNG.main(RemoteTestNG.java:77)
]]>
    </error>
  </testcase> <!-- TestCase1 -->
  <system-out/>
  <testcase classname="com.samplepackage.TestNGProgram" name="TestCase3" time="0.002"/>
  <system-out/>
  <testcase classname="com.samplepackage.TestNGProgram" name="TestCase4" time="0.003"/>
  <system-out/>
  <testcase classname="com.samplepackage.TestNGProgram" name="TestCase4" time="0.000"/>
  <system-out/>
  <testcase classname="com.samplepackage.TestNGProgram" name="TestCase4" time="0.002"/>
  <system-out/>
  <testcase classname="com.samplepackage.TestNGProgram" name="TestCase4" time="0.001"/>
  <system-out/>
  <testcase classname="com.samplepackage.TestNGProgram" name="TestCase4" time="0.001"/>
  <system-out/>
  <testcase classname="com.samplepackage.TestNGProgram" name="TestCase4" time="0.003"/>
  <system-out/>
  <testcase classname="com.samplepackage.TestNGProgram" name="TestCase4" time="0.000"/>
  <system-out/>
  <testcase classname="com.samplepackage.TestNGProgram" name="TestCase4" time="0.001"/>
  <system-out/>
  <testcase classname="com.samplepackage.TestNGProgram" name="TestCase4" time="0.002"/>
  <system-out/>
  <testcase classname="com.samplepackage.TestNGProgram" name="TestCase4" time="0.001"/>
  <system-out/>
  <testcase classname="com.samplepackage.TestNGProgram" name="TestCase4" time="0.002"/>
  <system-out/>
  <testcase classname="com.samplepackage.TestNGProgram" name="TestCase4" time="0.001"/>
  <system-out/>
  <testcase classname="com.samplepackage.TestNGProgram" name="TestCase4" time="0.002"/>
  <system-out/>
  <testcase classname="com.samplepackage.TestNGProgram" name="TestCase4" time="0.001"/>
  <system-out/>
  <testcase classname="com.samplepackage.TestNGProgram" name="TestCase4" time="0.003"/>
  <system-out/>
  <testcase classname="com.samplepackage.TestNGProgram" name="TestCase4" time="0.001"/>
  <system-out/>
  <testcase classname="com.samplepackage.TestNGProgram" name="TestCase4" time="0.002"/>
  <system-out/>
  <testcase classname="com.samplepackage.TestNGProgram" name="TestCase4" time="0.000"/>
  <system-out/>
  <testcase classname="com.samplepackage.TestNGProgram" name="TestCase4" time="0.001"/>
  <system-out/>
  <testcase classname="com.samplepackage.TestNGProgram" name="TestCase4" time="0.002"/>
  <system-out/>
  <testcase classname="com.samplepackage.TestNGProgram" name="TestCase4" time="0.001"/>
  <system-out/>
  <testcase classname="com.samplepackage.TestNGProgram" name="TestCase4" time="0.001"/>
  <system-out/>
  <testcase classname="com.samplepackage.TestNGProgram" name="TestCase4" time="0.002"/>
  <system-out/>
  <testcase classname="com.samplepackage.TestNGProgram" name="TestCase4" time="0.001"/>
  <system-out/>
  <testcase classname="com.samplepackage.TestNGProgram" name="TestCase4" time="0.002"/>
  <system-out/>
  <testcase classname="com.samplepackage.TestNGProgram" name="TestCase4" time="0.003"/>
  <system-out/>
  <testcase classname="com.samplepackage.TestNGProgram" name="TestCase4" time="0.003"/>
  <system-out/>
  <testcase classname="com.samplepackage.TestNGProgram" name="TestCase4" time="0.003"/>
  <system-out/>
  <testcase classname="com.samplepackage.TestNGProgram" name="TestCase4" time="0.001"/>
  <system-out/>
  <testcase classname="com.samplepackage.TestNGProgram" name="TestCase4" time="0.001"/>
  <system-out/>
  <testcase classname="com.samplepackage.TestNGProgram" name="TestCase4" time="0.001"/>
  <system-out/>
  <testcase classname="com.samplepackage.TestNGProgram" name="TestCase4" time="0.001"/>
  <system-out/>
  <testcase classname="com.samplepackage.TestNGProgram" name="TestCase4" time="0.001"/>
  <system-out/>
  <testcase classname="com.samplepackage.TestNGProgram" name="TestCase4" time="0.002"/>
  <system-out/>
  <testcase classname="com.samplepackage.TestNGProgram" name="TestCase4" time="0.001"/>
  <system-out/>
  <testcase classname="com.samplepackage.TestNGProgram" name="TestCase4" time="0.001"/>
  <system-out/>
  <testcase classname="com.samplepackage.TestNGProgram" name="TestCase4" time="0.000"/>
  <system-out/>
  <testcase classname="com.samplepackage.TestNGProgram" name="TestCase4" time="0.001"/>
  <system-out/>
  <testcase classname="com.samplepackage.TestNGProgram" name="TestCase4" time="0.000"/>
  <system-out/>
  <testcase classname="com.samplepackage.TestNGProgram" name="TestCase4" time="0.000"/>
  <system-out/>
  <testcase classname="com.samplepackage.TestNGProgram" name="TestCase4" time="0.002"/>
  <system-out/>
  <testcase classname="com.samplepackage.TestNGProgram" name="TestCase4" time="0.002"/>
  <system-out/>
  <testcase classname="com.samplepackage.TestNGProgram" name="TestCase4" time="0.002"/>
  <system-out/>
  <testcase classname="com.samplepackage.TestNGProgram" name="TestCase4" time="0.001"/>
  <system-out/>
  <testcase classname="com.samplepackage.TestNGProgram" name="TestCase4" time="0.000"/>
  <system-out/>
  <testcase classname="com.samplepackage.TestNGProgram" name="TestCase4" time="0.001"/>
  <system-out/>
  <testcase classname="com.samplepackage.TestNGProgram" name="TestCase4" time="0.001"/>
  <system-out/>
  <testcase classname="com.samplepackage.TestNGProgram" name="TestCase4" time="0.002"/>
  <system-out/>
  <testcase classname="com.samplepackage.TestNGProgram" name="TestCase4" time="0.001"/>
  <system-out/>
  <testcase classname="com.samplepackage.TestNGProgram" name="TestCase4" time="0.001"/>
  <system-out/>
  <testcase classname="com.samplepackage.TestNGProgram" name="TestCase4" time="0.002"/>
  <system-out/>
  <testcase classname="com.samplepackage.TestNGProgram" name="TestCase4" time="0.001"/>
  <system-out/>
</testsuite> <!-- com.samplepackage.TestNGProgram -->
