<?xml version="1.0" encoding="UTF-8"?>
<!-- Generated by org.testng.reporters.JUnitReportReporter -->
<testsuite hostname="LAPTOP-GGLBD97Q" failures="0" tests="2" name="com.application.test.ApplicationTest" time="14.661" errors="0" timestamp="2022-01-12T08:44:12 IST" skipped="0">
  <testcase classname="com.application.test.ApplicationTest" name="verifyApplicationTitle" time="7.297"/>
  <system-out/>
  <testcase classname="com.application.test.ApplicationTest" name="verifyForgotPasswordPage" time="7.364"/>
  <system-out/>
</testsuite> <!-- com.application.test.ApplicationTest -->
